<?xml version="1.0" encoding="UTF-8"?>
<testng-results ignored="0" total="2" passed="2" failed="0" skipped="0">
  <reporter-output>
  </reporter-output>
  <suite started-at="2026-01-22T15:58:00 IST" name="Default suite" finished-at="2026-01-22T15:58:00 IST" duration-ms="142">
    <groups>
    </groups>
    <test started-at="2026-01-22T15:58:00 IST" name="Default test" finished-at="2026-01-22T15:58:00 IST" duration-ms="142">
      <class name="pac2.OrgTest">
        <test-method signature="createOrgTest()[pri:0, instance:pac2.OrgTest@6025e1b6]" started-at="2026-01-22T15:58:00 IST" name="createOrgTest" finished-at="2026-01-22T15:58:00 IST" duration-ms="23" status="PASS">
          <reporter-output>
          </reporter-output>
        </test-method> <!-- createOrgTest -->
        <test-method signature="modifycontactTest()[pri:0, instance:pac2.OrgTest@6025e1b6]" started-at="2026-01-22T15:58:00 IST" name="modifycontactTest" finished-at="2026-01-22T15:58:00 IST" duration-ms="7" status="PASS">
          <reporter-output>
          </reporter-output>
        </test-method> <!-- modifycontactTest -->
      </class> <!-- pac2.OrgTest -->
    </test> <!-- Default test -->
  </suite> <!-- Default suite -->
</testng-results>
